0 info it worked if it ends with ok
1 verbose cli [ 'c:\\Program Files\\nodejs\\node.exe',
1 verbose cli   'c:\\Program Files\\nodejs\\node_modules\\npm\\bin\\npm-cli.js',
1 verbose cli   'install',
1 verbose cli   '-g',
1 verbose cli   'n' ]
2 info using npm@1.4.28
3 info using node@v0.10.35
4 verbose cache add [ 'n', null ]
5 verbose cache add name=undefined spec="n" args=["n",null]
6 verbose parsed url { protocol: null,
6 verbose parsed url   slashes: null,
6 verbose parsed url   auth: null,
6 verbose parsed url   host: null,
6 verbose parsed url   port: null,
6 verbose parsed url   hostname: null,
6 verbose parsed url   hash: null,
6 verbose parsed url   search: null,
6 verbose parsed url   query: null,
6 verbose parsed url   pathname: 'n',
6 verbose parsed url   path: 'n',
6 verbose parsed url   href: 'n' }
7 silly lockFile d1854cae-n n
8 verbose lock n C:\Users\Bjarke Staun-Olsen\AppData\Roaming\npm-cache\d1854cae-n.lock
9 silly lockFile d1854cae-n n
10 silly lockFile d1854cae-n n
11 verbose addNamed [ 'n', '' ]
12 verbose addNamed [ null, '*' ]
13 silly lockFile 6b58d7dc-n n@
14 verbose lock n@ C:\Users\Bjarke Staun-Olsen\AppData\Roaming\npm-cache\6b58d7dc-n.lock
15 silly addNameRange { name: 'n', range: '*', hasData: false }
16 verbose request where is /n
17 verbose request registry https://registry.npmjs.org/
18 verbose request id e832e827612b719e
19 verbose url raw /n
20 verbose url resolving [ 'https://registry.npmjs.org/', './n' ]
21 verbose url resolved https://registry.npmjs.org/n
22 verbose request where is https://registry.npmjs.org/n
23 info trying registry request attempt 1 at 11:21:56
24 http GET https://registry.npmjs.org/n
25 http 200 https://registry.npmjs.org/n
26 silly registry.get cb [ 200,
26 silly registry.get   { date: 'Fri, 06 Feb 2015 10:21:49 GMT',
26 silly registry.get     server: 'CouchDB/1.5.0 (Erlang OTP/R16B03)',
26 silly registry.get     etag: '"CUJ9KA9I0TQY1V93SF54EWEI3"',
26 silly registry.get     'content-type': 'application/json',
26 silly registry.get     'cache-control': 'max-age=60',
26 silly registry.get     'content-length': '38818',
26 silly registry.get     'accept-ranges': 'bytes',
26 silly registry.get     via: '1.1 varnish',
26 silly registry.get     age: '0',
26 silly registry.get     'x-served-by': 'cache-lhr6324-LHR',
26 silly registry.get     'x-cache': 'MISS',
26 silly registry.get     'x-cache-hits': '0',
26 silly registry.get     'x-timer': 'S1423218109.320295,VS0,VE151',
26 silly registry.get     vary: 'Accept',
26 silly registry.get     'keep-alive': 'timeout=10, max=50',
26 silly registry.get     connection: 'Keep-Alive' } ]
27 silly addNameRange number 2 { name: 'n', range: '*', hasData: true }
28 silly addNameRange versions [ 'n',
28 silly addNameRange   [ '0.0.1',
28 silly addNameRange     '0.0.2',
28 silly addNameRange     '0.0.3',
28 silly addNameRange     '0.0.4',
28 silly addNameRange     '0.1.0',
28 silly addNameRange     '0.1.1',
28 silly addNameRange     '0.1.2',
28 silly addNameRange     '0.2.0',
28 silly addNameRange     '0.2.1',
28 silly addNameRange     '0.2.2',
28 silly addNameRange     '0.3.0',
28 silly addNameRange     '0.4.0',
28 silly addNameRange     '0.4.1',
28 silly addNameRange     '0.4.2',
28 silly addNameRange     '0.5.0',
28 silly addNameRange     '0.5.1',
28 silly addNameRange     '0.5.2',
28 silly addNameRange     '0.5.3',
28 silly addNameRange     '0.5.4',
28 silly addNameRange     '0.6.0',
28 silly addNameRange     '0.6.1',
28 silly addNameRange     '0.7.0',
28 silly addNameRange     '0.7.1',
28 silly addNameRange     '0.7.2',
28 silly addNameRange     '0.7.3',
28 silly addNameRange     '0.8.0',
28 silly addNameRange     '0.8.1',
28 silly addNameRange     '0.8.2',
28 silly addNameRange     '0.9.0',
28 silly addNameRange     '0.9.1',
28 silly addNameRange     '0.9.2',
28 silly addNameRange     '0.9.3',
28 silly addNameRange     '1.0.0',
28 silly addNameRange     '1.1.0',
28 silly addNameRange     '1.2.1',
28 silly addNameRange     '1.2.2',
28 silly addNameRange     '1.2.3',
28 silly addNameRange     '1.2.4',
28 silly addNameRange     '1.2.5',
28 silly addNameRange     '1.2.6',
28 silly addNameRange     '1.2.7',
28 silly addNameRange     '1.2.8',
28 silly addNameRange     '1.2.9',
28 silly addNameRange     '1.2.11',
28 silly addNameRange     '1.2.13' ] ]
29 verbose addNamed [ 'n', '1.2.13' ]
30 verbose addNamed [ '1.2.13', '1.2.13' ]
31 silly lockFile c0e64dfd-n-1-2-13 n@1.2.13
32 verbose lock n@1.2.13 C:\Users\Bjarke Staun-Olsen\AppData\Roaming\npm-cache\c0e64dfd-n-1-2-13.lock
33 silly lockFile b56000b0-egistry-npmjs-org-n-n-1-2-13-tgz https://registry.npmjs.org/n/-/n-1.2.13.tgz
34 verbose lock https://registry.npmjs.org/n/-/n-1.2.13.tgz C:\Users\Bjarke Staun-Olsen\AppData\Roaming\npm-cache\b56000b0-egistry-npmjs-org-n-n-1-2-13-tgz.lock
35 verbose addRemoteTarball [ 'https://registry.npmjs.org/n/-/n-1.2.13.tgz',
35 verbose addRemoteTarball   '90922391ba49e2386ae316370915085042074190' ]
36 info retry fetch attempt 1 at 11:21:56
37 verbose fetch to= C:\Users\BJARKE~1\AppData\Local\Temp\npm-10948-_Fqwah8T\registry.npmjs.org\n\-\n-1.2.13.tgz
38 http GET https://registry.npmjs.org/n/-/n-1.2.13.tgz
39 http 200 https://registry.npmjs.org/n/-/n-1.2.13.tgz
40 silly lockFile b56000b0-egistry-npmjs-org-n-n-1-2-13-tgz https://registry.npmjs.org/n/-/n-1.2.13.tgz
41 silly lockFile b56000b0-egistry-npmjs-org-n-n-1-2-13-tgz https://registry.npmjs.org/n/-/n-1.2.13.tgz
42 silly lockFile c0e64dfd-n-1-2-13 n@1.2.13
43 silly lockFile c0e64dfd-n-1-2-13 n@1.2.13
44 silly lockFile 6b58d7dc-n n@
45 silly lockFile 6b58d7dc-n n@
46 silly resolved [ { name: 'n',
46 silly resolved     description: 'node version manager',
46 silly resolved     version: '1.2.13',
46 silly resolved     author: { name: 'TJ Holowaychuk', email: 'tj@vision-media.ca' },
46 silly resolved     homepage: 'https://github.com/tj/n',
46 silly resolved     bugs: { url: 'https://github.com/tj/n/issues' },
46 silly resolved     contributors: [ [Object] ],
46 silly resolved     keywords:
46 silly resolved      [ 'nvm',
46 silly resolved        'node',
46 silly resolved        'version',
46 silly resolved        'manager',
46 silly resolved        'switcher',
46 silly resolved        'node',
46 silly resolved        'binary',
46 silly resolved        'env' ],
46 silly resolved     bin: { n: './bin/n' },
46 silly resolved     repository: { type: 'git', url: 'git://github.com/tj/n.git' },
46 silly resolved     preferGlobal: true,
46 silly resolved     os: [ '!win32' ],
46 silly resolved     engines: { node: '*' },
46 silly resolved     license: 'MIT',
46 silly resolved     _id: 'n@1.2.13',
46 silly resolved     dist:
46 silly resolved      { shasum: '90922391ba49e2386ae316370915085042074190',
46 silly resolved        tarball: 'http://registry.npmjs.org/n/-/n-1.2.13.tgz' },
46 silly resolved     _from: 'n@',
46 silly resolved     _npmVersion: '1.2.30',
46 silly resolved     _npmUser: { name: 'tjwebb', email: 'me@traviswebb.com' },
46 silly resolved     maintainers: [ [Object], [Object], [Object] ],
46 silly resolved     directories: {},
46 silly resolved     _shasum: '90922391ba49e2386ae316370915085042074190',
46 silly resolved     _resolved: 'https://registry.npmjs.org/n/-/n-1.2.13.tgz' } ]
47 info install n@1.2.13 into C:\Users\Bjarke Staun-Olsen\AppData\Roaming\npm
48 info installOne n@1.2.13
49 error notsup Unsupported
49 error notsup Not compatible with your operating system or architecture: n@1.2.13
49 error notsup Valid OS:    !win32
49 error notsup Valid Arch:  any
49 error notsup Actual OS:   win32
49 error notsup Actual Arch: x64
50 error System Windows_NT 6.1.7601
51 error command "c:\\Program Files\\nodejs\\node.exe" "c:\\Program Files\\nodejs\\node_modules\\npm\\bin\\npm-cli.js" "install" "-g" "n"
52 error cwd c:\coding\loyaltyplatform\server
53 error node -v v0.10.35
54 error npm -v 1.4.28
55 error code EBADPLATFORM
56 verbose exit [ 1, true ]
